2026-06-19 19:12:03,114 INFO ADAPTIVE-DEPTH ceiling gate | N_tr=1000 N_te=300 K_MAX=32 budgets=[1, 2, 4, 8, 16] seeds=[0, 1]
2026-06-19 19:12:08,868 INFO ==============================================================================
2026-06-19 19:12:08,868 INFO DATASET breast_cancer  (n_seeds=2, K_MAX=32)
2026-06-19 19:12:08,868 INFO   budget |  uniform acc/ll/auc  |  ORACLE (Δacc Δll)   |  unsup (Δacc Δll)  |  XFIT-oracle Δacc Δll (snoop-free)
2026-06-19 19:12:08,868 INFO   B= 1   |  0.968 0.079 0.996  |  0.968 0.079 (+0.000 +0.000)  |  0.968 0.079 (+0.000 +0.000) [b̄ o=1.0 s=1.0]  |  +0.000 +0.000 (b̄=1.0)
2026-06-19 19:12:08,868 INFO   B= 2   |  0.971 0.078 0.996  |  0.974 0.070 (+0.003 -0.008)  |  0.971 0.077 (+0.000 -0.001) [b̄ o=2.0 s=2.0]  |  +0.000 +0.001 (b̄=2.0)
2026-06-19 19:12:08,869 INFO   B= 4   |  0.971 0.076 0.996  |  0.974 0.070 (+0.003 -0.006)  |  0.974 0.079 (+0.003 +0.002) [b̄ o=4.0 s=4.0]  |  -0.003 +0.002 (b̄=4.0)
2026-06-19 19:12:08,869 INFO   B= 8   |  0.971 0.078 0.996  |  0.974 0.070 (+0.003 -0.008)  |  0.974 0.078 (+0.003 -0.001) [b̄ o=8.0 s=8.0]  |  -0.003 +0.002 (b̄=8.0)
2026-06-19 19:12:08,869 INFO   B=16   |  0.974 0.078 0.996  |  0.974 0.070 (+0.000 -0.008)  |  0.974 0.078 (+0.000 -0.001) [b̄ o=16.0 s=16.0]  |  +0.000 +0.000 (b̄=16.0)
2026-06-19 19:12:08,869 INFO   READ: ORACLE Δ = optimistic ceiling (snoops). XFIT Δ = snoop-free (decide budget on half the members, score on the other half). If XFIT Δ collapses to ~0, the oracle was cherry-picking k, not finding slow-converging rows -> NO-GO. unsup = deployable label-free proxy.
2026-06-19 19:12:08,869 INFO   (5.4s)
2026-06-19 19:12:12,630 INFO ==============================================================================
2026-06-19 19:12:12,630 INFO DATASET phoneme  (n_seeds=2, K_MAX=32)
2026-06-19 19:12:12,630 INFO   budget |  uniform acc/ll/auc  |  ORACLE (Δacc Δll)   |  unsup (Δacc Δll)  |  XFIT-oracle Δacc Δll (snoop-free)
2026-06-19 19:12:12,630 INFO   B= 1   |  0.833 0.337 0.911  |  0.833 0.337 (+0.000 +0.000)  |  0.833 0.337 (+0.000 +0.000) [b̄ o=1.0 s=1.0]  |  +0.000 +0.000 (b̄=1.0)
2026-06-19 19:12:12,630 INFO   B= 2   |  0.837 0.330 0.915  |  0.852 0.308 (+0.015 -0.022)  |  0.835 0.329 (-0.002 -0.001) [b̄ o=2.0 s=2.0]  |  -0.007 +0.004 (b̄=2.0)
2026-06-19 19:12:12,631 INFO   B= 4   |  0.842 0.324 0.917  |  0.852 0.308 (+0.010 -0.017)  |  0.842 0.324 (+0.000 -0.001) [b̄ o=4.0 s=4.0]  |  -0.003 +0.005 (b̄=4.0)
2026-06-19 19:12:12,631 INFO   B= 8   |  0.838 0.324 0.918  |  0.852 0.308 (+0.013 -0.017)  |  0.850 0.322 (+0.012 -0.002) [b̄ o=8.0 s=8.0]  |  -0.005 +0.005 (b̄=8.0)
2026-06-19 19:12:12,631 INFO   B=16   |  0.847 0.323 0.919  |  0.853 0.308 (+0.007 -0.015)  |  0.850 0.321 (+0.003 -0.002) [b̄ o=16.0 s=16.0]  |  +0.000 +0.000 (b̄=16.0)
2026-06-19 19:12:12,631 INFO   READ: ORACLE Δ = optimistic ceiling (snoops). XFIT Δ = snoop-free (decide budget on half the members, score on the other half). If XFIT Δ collapses to ~0, the oracle was cherry-picking k, not finding slow-converging rows -> NO-GO. unsup = deployable label-free proxy.
2026-06-19 19:12:12,631 INFO   (3.8s)
2026-06-19 19:12:15,894 INFO ==============================================================================
2026-06-19 19:12:15,894 INFO DATASET electricity  (n_seeds=2, K_MAX=32)
2026-06-19 19:12:15,894 INFO   budget |  uniform acc/ll/auc  |  ORACLE (Δacc Δll)   |  unsup (Δacc Δll)  |  XFIT-oracle Δacc Δll (snoop-free)
2026-06-19 19:12:15,895 INFO   B= 1   |  0.805 0.422 0.884  |  0.805 0.422 (+0.000 +0.000)  |  0.805 0.422 (+0.000 +0.000) [b̄ o=1.0 s=1.0]  |  +0.000 +0.000 (b̄=1.0)
2026-06-19 19:12:15,895 INFO   B= 2   |  0.800 0.429 0.879  |  0.820 0.391 (+0.020 -0.037)  |  0.802 0.430 (+0.002 +0.001) [b̄ o=2.0 s=2.0]  |  -0.005 +0.003 (b̄=2.0)
2026-06-19 19:12:15,895 INFO   B= 4   |  0.802 0.427 0.882  |  0.820 0.391 (+0.018 -0.036)  |  0.800 0.427 (-0.002 +0.001) [b̄ o=4.0 s=4.0]  |  -0.002 +0.001 (b̄=4.0)
2026-06-19 19:12:15,895 INFO   B= 8   |  0.797 0.429 0.880  |  0.820 0.392 (+0.023 -0.037)  |  0.798 0.427 (+0.002 -0.002) [b̄ o=8.0 s=8.0]  |  -0.010 +0.007 (b̄=8.0)
2026-06-19 19:12:15,895 INFO   B=16   |  0.793 0.430 0.880  |  0.825 0.394 (+0.032 -0.036)  |  0.798 0.429 (+0.005 -0.001) [b̄ o=16.0 s=16.0]  |  +0.000 +0.000 (b̄=16.0)
2026-06-19 19:12:15,895 INFO   READ: ORACLE Δ = optimistic ceiling (snoops). XFIT Δ = snoop-free (decide budget on half the members, score on the other half). If XFIT Δ collapses to ~0, the oracle was cherry-picking k, not finding slow-converging rows -> NO-GO. unsup = deployable label-free proxy.
2026-06-19 19:12:15,895 INFO   (3.3s)
2026-06-19 19:12:20,109 INFO ==============================================================================
2026-06-19 19:12:20,110 INFO DATASET qsar-biodeg  (n_seeds=2, K_MAX=32)
2026-06-19 19:12:20,110 INFO   budget |  uniform acc/ll/auc  |  ORACLE (Δacc Δll)   |  unsup (Δacc Δll)  |  XFIT-oracle Δacc Δll (snoop-free)
2026-06-19 19:12:20,110 INFO   B= 1   |  0.870 0.285 0.944  |  0.870 0.285 (+0.000 +0.000)  |  0.870 0.285 (+0.000 +0.000) [b̄ o=1.0 s=1.0]  |  +0.000 +0.000 (b̄=1.0)
2026-06-19 19:12:20,110 INFO   B= 2   |  0.875 0.283 0.944  |  0.875 0.262 (+0.000 -0.021)  |  0.872 0.281 (-0.003 -0.002) [b̄ o=2.0 s=2.0]  |  +0.010 -0.000 (b̄=2.0)
2026-06-19 19:12:20,110 INFO   B= 4   |  0.873 0.279 0.947  |  0.875 0.262 (+0.002 -0.017)  |  0.873 0.279 (+0.000 +0.000) [b̄ o=4.0 s=4.0]  |  +0.005 -0.001 (b̄=4.0)
2026-06-19 19:12:20,110 INFO   B= 8   |  0.878 0.277 0.948  |  0.875 0.261 (-0.003 -0.016)  |  0.872 0.278 (-0.007 +0.001) [b̄ o=8.0 s=8.0]  |  +0.013 -0.001 (b̄=8.0)
2026-06-19 19:12:20,110 INFO   B=16   |  0.870 0.277 0.948  |  0.875 0.263 (+0.005 -0.013)  |  0.873 0.274 (+0.003 -0.003) [b̄ o=16.0 s=16.0]  |  +0.000 +0.000 (b̄=16.0)
2026-06-19 19:12:20,111 INFO   READ: ORACLE Δ = optimistic ceiling (snoops). XFIT Δ = snoop-free (decide budget on half the members, score on the other half). If XFIT Δ collapses to ~0, the oracle was cherry-picking k, not finding slow-converging rows -> NO-GO. unsup = deployable label-free proxy.
2026-06-19 19:12:20,111 INFO   (4.2s)
2026-06-19 19:12:20,111 INFO ALL DONE
