n tasks: 51
1/51 363612 airfoil_self_noise rows=1503 cls=0
2/51 363613 Amazon_employee_access rows=32769 cls=2
3/51 363614 anneal rows=898 cls=5
4/51 363615 Another-Dataset-on-used-Fiat-500 rows=1538 cls=0
5/51 363616 APSFailure rows=76000 cls=2
6/51 363618 bank-marketing rows=45211 cls=2
7/51 363619 Bank_Customer_Churn rows=10000 cls=2
8/51 363620 Bioresponse rows=3751 cls=2
9/51 363621 blood-transfusion-service-center rows=748 cls=2
10/51 363623 churn rows=5000 cls=2
11/51 363624 coil2000_insurance_policies rows=9822 cls=2
12/51 363625 concrete_compressive_strength rows=1030 cls=0
13/51 363626 credit-g rows=1000 cls=2
14/51 363627 credit_card_clients_default rows=30000 cls=2
15/51 363628 customer_satisfaction_in_airline rows=129880 cls=2
16/51 363629 diabetes rows=768 cls=2
17/51 363630 Diabetes130US rows=71518 cls=2
18/51 363631 diamonds rows=53940 cls=0
19/51 363632 E-CommereShippingData rows=10999 cls=2
20/51 363671 Fitness_Club rows=1500 cls=2
21/51 363672 Food_Delivery_Time rows=45451 cls=0
22/51 363673 GiveMeSomeCredit rows=150000 cls=2
23/51 363674 hazelnut-spread-contaminant-detection rows=2400 cls=2
24/51 363675 healthcare_insurance_expenses rows=1338 cls=0
25/51 363676 heloc rows=10459 cls=2
26/51 363677 hiva_agnostic rows=3845 cls=3
27/51 363678 houses rows=20640 cls=0
28/51 363679 HR_Analytics_Job_Change_of_Data_Scientists rows=19158 cls=2
29/51 363681 in_vehicle_coupon_recommendation rows=12684 cls=2
30/51 363682 Is-this-a-good-customer rows=1723 cls=2
31/51 363683 kddcup09_appetency rows=50000 cls=2
32/51 363684 Marketing_Campaign rows=2240 cls=2
33/51 363685 maternal_health_risk rows=1014 cls=3
34/51 363686 miami_housing rows=13776 cls=0
35/51 363689 NATICUSdroid rows=7491 cls=2
36/51 363691 online_shoppers_intention rows=12330 cls=2
37/51 363693 physiochemical_protein rows=45730 cls=0
38/51 363694 polish_companies_bankruptcy rows=5910 cls=2
39/51 363696 qsar-biodeg rows=1054 cls=2
40/51 363697 QSAR-TID-11 rows=5742 cls=0
41/51 363698 QSAR_fish_toxicity rows=907 cls=0
42/51 363699 SDSS17 rows=78053 cls=3
43/51 363700 seismic-bumps rows=2584 cls=2
44/51 363702 splice rows=3190 cls=3
45/51 363704 students_dropout_and_academic_success rows=4424 cls=3
46/51 363705 superconductivity rows=21263 cls=0
47/51 363706 taiwanese_bankruptcy_prediction rows=6819 cls=2
48/51 363707 website_phishing rows=1353 cls=3
49/51 363708 wine_quality rows=6497 cls=0
50/51 363711 MIC rows=1699 cls=8
51/51 363712 jm1 rows=10885 cls=2
SAVED 51 tasks
