datasets: 38
building curric-60K models (k=3..6)...
models ready
  blood-transfusion-service-ce  oracle=0.809  best_f=0.745  A1_val=0.735  A2_cv_=0.735  B1_ent=0.736  B2_sta=0.736  blend_=0.740  C2_val=0.735  loopk4=0.726
  diabetes                      oracle=0.877  best_f=0.846  A1_val=0.839  A2_cv_=0.839  B1_ent=0.848  B2_sta=0.839  blend_=0.840  C2_val=0.839  loopk4=0.848
  anneal                        oracle=0.996  best_f=0.989  A1_val=0.969  A2_cv_=0.988  B1_ent=0.992  B2_sta=0.993  blend_=0.985  C2_val=0.983  loopk4=0.995
  credit-g                      oracle=0.821  best_f=0.767  A1_val=0.762  A2_cv_=0.762  B1_ent=0.766  B2_sta=0.757  blend_=0.766  C2_val=0.763  loopk4=0.752
  maternal_health_risk          oracle=0.920  best_f=0.871  A1_val=0.873  A2_cv_=0.873  B1_ent=0.862  B2_sta=0.861  blend_=0.867  C2_val=0.873  loopk4=0.887
  qsar-biodeg                   oracle=0.961  best_f=0.939  A1_val=0.940  A2_cv_=0.940  B1_ent=0.938  B2_sta=0.935  blend_=0.937  C2_val=0.939  loopk4=0.939
  website_phishing              oracle=0.979  best_f=0.955  A1_val=0.957  A2_cv_=0.957  B1_ent=0.959  B2_sta=0.957  blend_=0.957  C2_val=0.961  loopk4=0.978
  Fitness_Club                  oracle=0.839  best_f=0.808  A1_val=0.804  A2_cv_=0.801  B1_ent=0.800  B2_sta=0.802  blend_=0.806  C2_val=0.803  loopk4=0.804
/home/zxiebk/miniconda3/envs/wcb_rl_training/lib/python3.10/site-packages/sklearn/metrics/_ranking.py:424: UndefinedMetricWarning: Only one class is present in y_true. ROC AUC score is not defined in that case.
  warnings.warn(
/home/zxiebk/miniconda3/envs/wcb_rl_training/lib/python3.10/site-packages/sklearn/metrics/_ranking.py:424: UndefinedMetricWarning: Only one class is present in y_true. ROC AUC score is not defined in that case.
  warnings.warn(
/home/zxiebk/miniconda3/envs/wcb_rl_training/lib/python3.10/site-packages/sklearn/metrics/_ranking.py:424: UndefinedMetricWarning: Only one class is present in y_true. ROC AUC score is not defined in that case.
  warnings.warn(
/home/zxiebk/miniconda3/envs/wcb_rl_training/lib/python3.10/site-packages/sklearn/metrics/_ranking.py:424: UndefinedMetricWarning: Only one class is present in y_true. ROC AUC score is not defined in that case.
  warnings.warn(
/home/zxiebk/miniconda3/envs/wcb_rl_training/lib/python3.10/site-packages/sklearn/metrics/_ranking.py:424: UndefinedMetricWarning: Only one class is present in y_true. ROC AUC score is not defined in that case.
  warnings.warn(
/home/zxiebk/miniconda3/envs/wcb_rl_training/lib/python3.10/site-packages/sklearn/metrics/_ranking.py:424: UndefinedMetricWarning: Only one class is present in y_true. ROC AUC score is not defined in that case.
  warnings.warn(
/home/zxiebk/miniconda3/envs/wcb_rl_training/lib/python3.10/site-packages/sklearn/metrics/_ranking.py:424: UndefinedMetricWarning: Only one class is present in y_true. ROC AUC score is not defined in that case.
  warnings.warn(
/home/zxiebk/miniconda3/envs/wcb_rl_training/lib/python3.10/site-packages/sklearn/metrics/_ranking.py:424: UndefinedMetricWarning: Only one class is present in y_true. ROC AUC score is not defined in that case.
  warnings.warn(
  MIC                           oracle=0.872  best_f=0.826  A1_val=0.824  A2_cv_=0.824  B1_ent=0.811  B2_sta=0.809  blend_=0.821  C2_val=  nan  loopk4=0.813
  Is-this-a-good-customer       oracle=0.788  best_f=0.711  A1_val=0.706  A2_cv_=0.706  B1_ent=0.704  B2_sta=0.717  blend_=0.710  C2_val=0.715  loopk4=0.707
  Marketing_Campaign            oracle=0.952  best_f=0.920  A1_val=0.918  A2_cv_=0.910  B1_ent=0.909  B2_sta=0.910  blend_=0.917  C2_val=0.919  loopk4=0.917
  hazelnut-spread-contaminant-  oracle=0.979  best_f=0.965  A1_val=0.961  A2_cv_=0.961  B1_ent=0.959  B2_sta=0.958  blend_=0.958  C2_val=0.958  loopk4=0.961
  seismic-bumps                 oracle=0.854  best_f=0.783  A1_val=0.771  A2_cv_=0.771  B1_ent=0.769  B2_sta=0.753  blend_=0.776  C2_val=0.768  loopk4=0.784
  splice                        oracle=0.978  best_f=0.938  A1_val=0.934  A2_cv_=0.937  B1_ent=0.933  B2_sta=0.932  blend_=0.939  C2_val=0.936  loopk4=0.967
  Bioresponse                   oracle=0.893  best_f=0.797  A1_val=0.789  A2_cv_=0.789  B1_ent=0.792  B2_sta=0.777  blend_=0.796  C2_val=0.794  loopk4=0.797
  hiva_agnostic                 oracle=0.993  best_f=0.508  A1_val=0.511  A2_cv_=0.511  B1_ent=0.441  B2_sta=0.432  blend_=0.488  C2_val=0.498  loopk4=0.520
  students_dropout_and_academi  oracle=0.882  best_f=0.843  A1_val=0.841  A2_cv_=0.841  B1_ent=0.843  B2_sta=0.838  blend_=0.842  C2_val=0.841  loopk4=0.841
  churn                         oracle=0.960  best_f=0.940  A1_val=0.928  A2_cv_=0.914  B1_ent=0.920  B2_sta=0.921  blend_=0.929  C2_val=0.925  loopk4=0.941
  polish_companies_bankruptcy   oracle=0.946  best_f=0.893  A1_val=0.854  A2_cv_=0.854  B1_ent=0.835  B2_sta=0.844  blend_=0.893  C2_val=0.853  loopk4=0.905
  taiwanese_bankruptcy_predict  oracle=0.954  best_f=0.938  A1_val=0.935  A2_cv_=0.935  B1_ent=0.935  B2_sta=0.931  blend_=0.932  C2_val=0.935  loopk4=0.933
  NATICUSdroid                  oracle=0.990  best_f=0.984  A1_val=0.982  A2_cv_=0.983  B1_ent=0.979  B2_sta=0.979  blend_=0.983  C2_val=0.983  loopk4=0.982
  coil2000_insurance_policies   oracle=0.837  best_f=0.762  A1_val=0.744  A2_cv_=0.744  B1_ent=0.726  B2_sta=0.730  blend_=0.744  C2_val=0.738  loopk4=0.751
  Bank_Customer_Churn           oracle=0.882  best_f=0.842  A1_val=0.823  A2_cv_=0.817  B1_ent=0.819  B2_sta=0.815  blend_=0.840  C2_val=0.820  loopk4=0.835
  heloc                         oracle=0.831  best_f=0.781  A1_val=0.780  A2_cv_=0.780  B1_ent=0.766  B2_sta=0.764  blend_=0.775  C2_val=0.779  loopk4=0.777
  jm1                           oracle=0.771  best_f=0.698  A1_val=0.694  A2_cv_=0.689  B1_ent=0.688  B2_sta=0.687  blend_=0.696  C2_val=0.692  loopk4=0.708
  E-CommereShippingData         oracle=0.883  best_f=0.733  A1_val=0.729  A2_cv_=0.705  B1_ent=0.699  B2_sta=0.718  blend_=0.720  C2_val=0.721  loopk4=0.718
  online_shoppers_intention     oracle=0.938  best_f=0.897  A1_val=0.895  A2_cv_=0.899  B1_ent=0.897  B2_sta=0.900  blend_=0.894  C2_val=0.896  loopk4=0.893
  in_vehicle_coupon_recommenda  oracle=0.837  best_f=0.694  A1_val=0.679  A2_cv_=0.679  B1_ent=0.678  B2_sta=0.670  blend_=0.693  C2_val=0.681  loopk4=0.705
  HR_Analytics_Job_Change_of_D  oracle=0.851  best_f=0.781  A1_val=0.767  A2_cv_=0.767  B1_ent=0.768  B2_sta=0.767  blend_=0.779  C2_val=0.776  loopk4=0.791
  credit_card_clients_default   oracle=0.790  best_f=0.725  A1_val=0.717  A2_cv_=0.714  B1_ent=0.715  B2_sta=0.707  blend_=0.721  C2_val=0.716  loopk4=0.719
  Amazon_employee_access        oracle=0.823  best_f=0.644  A1_val=0.575  A2_cv_=0.575  B1_ent=0.576  B2_sta=0.572  blend_=0.603  C2_val=0.593  loopk4=0.643
  bank-marketing                oracle=0.916  best_f=0.728  A1_val=0.671  A2_cv_=0.686  B1_ent=0.637  B2_sta=0.622  blend_=0.707  C2_val=0.693  loopk4=0.731
  kddcup09_appetency            oracle=0.708  best_f=0.526  A1_val=0.328  A2_cv_=0.328  B1_ent=0.339  B2_sta=0.357  blend_=0.421  C2_val=0.329  loopk4=0.454
  Diabetes130US                 oracle=0.781  best_f=0.595  A1_val=0.606  A2_cv_=0.606  B1_ent=0.598  B2_sta=0.592  blend_=0.587  C2_val=0.605  loopk4=0.593
  APSFailure                    oracle=0.981  best_f=0.966  A1_val=0.964  A2_cv_=0.959  B1_ent=0.965  B2_sta=0.953  blend_=0.964  C2_val=0.963  loopk4=0.978
  SDSS17                        oracle=0.995  best_f=0.985  A1_val=0.982  A2_cv_=0.984  B1_ent=0.984  B2_sta=0.983  blend_=0.984  C2_val=0.983  loopk4=0.990
  customer_satisfaction_in_air  oracle=0.979  best_f=0.968  A1_val=0.968  A2_cv_=0.968  B1_ent=0.968  B2_sta=0.966  blend_=0.965  C2_val=0.967  loopk4=0.969
  GiveMeSomeCredit              oracle=0.882  best_f=0.802  A1_val=0.800  A2_cv_=0.793  B1_ent=0.780  B2_sta=0.794  blend_=0.805  C2_val=0.799  loopk4=0.805

======================================================================
SUMMARY — mean ROC-AUC across datasets
======================================================================
  oracle              0.8928  (vs loopk4: +0.0755)
  best_fixed_k        0.8183  (vs loopk4: +0.0009)
  A1_val_sweep        0.8041  (vs loopk4: -0.0133)
  A2_cv_sweep         0.8033  (vs loopk4: -0.0141)
  B1_entropy          0.7983  (vs loopk4: -0.0191)
  B2_stability        0.7967  (vs loopk4: -0.0206)
  blend_equal         0.8101  (vs loopk4: -0.0073)
  C2_val_blend        0.8047  (vs loopk4: -0.0127)
  loopk4_ref          0.8174  (vs loopk4: +0.0000)

======================================================================
A3. Dataset meta-features → best_k (leave-one-dataset-out)
  lightgbm not available, skipping A3
