2026-06-19 11:54:13,883 INFO Indexer gate (Phase 1a) | layer=12 keep=25% | branches=loo,voting
2026-06-19 11:54:13,918 INFO ============================================================
2026-06-19 11:54:13,918 INFO DATASET breast_cancer  branch=loo  N=120 M=40
2026-06-19 11:54:15,152 INFO full          acc=0.925 auc=0.972
2026-06-19 11:54:45,740 INFO golden labels mean_pos=0.250
2026-06-19 11:55:26,916 INFO ceiling(LOO)  acc=0.925 auc=1.000
2026-06-19 11:55:26,916 INFO indexer       acc=0.900 auc=0.934
2026-06-19 11:55:26,916 INFO knn-local     acc=0.875 auc=0.941
2026-06-19 11:55:26,916 INFO VERDICT breast_cancer/loo: indexer_auc-full=-0.038  ceil_gain=0.028  frac_of_ceil=-1.36  beats_knn=False
2026-06-19 11:55:26,919 INFO ============================================================
2026-06-19 11:55:26,919 INFO DATASET breast_cancer  branch=voting  N=120 M=40
2026-06-19 11:55:27,131 INFO full          acc=0.925 auc=0.972
2026-06-19 11:55:57,039 INFO golden labels mean_pos=0.250
2026-06-19 11:56:35,751 INFO ceiling(LOO)  acc=0.925 auc=1.000
2026-06-19 11:56:35,751 INFO indexer       acc=0.925 auc=0.959
2026-06-19 11:56:35,751 INFO knn-local     acc=0.875 auc=0.941
2026-06-19 11:56:35,751 INFO VERDICT breast_cancer/voting: indexer_auc-full=-0.013  ceil_gain=0.028  frac_of_ceil=-0.45  beats_knn=True
2026-06-19 11:56:35,756 INFO ============================================================
2026-06-19 11:56:35,756 INFO DATASET phoneme  branch=loo  N=120 M=40
2026-06-19 11:56:35,984 INFO full          acc=0.825 auc=0.848
2026-06-19 11:57:06,498 INFO golden labels mean_pos=0.250
2026-06-19 11:57:44,778 INFO ceiling(LOO)  acc=0.975 auc=0.996
2026-06-19 11:57:44,778 INFO indexer       acc=0.950 auc=0.987
2026-06-19 11:57:44,779 INFO knn-local     acc=0.775 auc=0.814
2026-06-19 11:57:44,779 INFO VERDICT phoneme/loo: indexer_auc-full=0.139  ceil_gain=0.147  frac_of_ceil=0.94  beats_knn=True
2026-06-19 11:57:44,782 INFO ============================================================
2026-06-19 11:57:44,782 INFO DATASET phoneme  branch=voting  N=120 M=40
2026-06-19 11:57:44,992 INFO full          acc=0.825 auc=0.848
2026-06-19 11:58:15,615 INFO golden labels mean_pos=0.204
2026-06-19 11:58:52,871 INFO ceiling(LOO)  acc=0.975 auc=0.996
2026-06-19 11:58:52,871 INFO indexer       acc=0.825 auc=0.853
2026-06-19 11:58:52,871 INFO knn-local     acc=0.775 auc=0.814
2026-06-19 11:58:52,871 INFO VERDICT phoneme/voting: indexer_auc-full=0.004  ceil_gain=0.147  frac_of_ceil=0.03  beats_knn=True
2026-06-19 11:58:52,873 INFO ALL DONE
