2026-06-18 23:54:28,991 INFO LOO ceiling gate | N_train=120 N_test=40 | keep=[0.1, 0.25, 0.5, 0.75, 0.9] | seeds=[0, 1] | flip=50%
2026-06-18 23:54:29,295 INFO ========================================================================
2026-06-18 23:54:29,295 INFO DATASET breast_cancer  shape=(569, 30)  classes=2
2026-06-18 23:57:18,364 INFO ##### breast_cancer  noise=clean  (n_seeds=2) #####
2026-06-18 23:57:18,364 INFO   full        acc=0.950±0.000  auc=0.987±0.003  | frac_neg_influence=0.49
2026-06-18 23:57:18,364 INFO   LOO k= 10%  acc=1.000±0.000 (+0.050)  auc=1.000±0.000 (+0.013)
2026-06-18 23:57:18,364 INFO   LOO k= 25%  acc=0.988±0.013 (+0.038)  auc=1.000±0.000 (+0.013)
2026-06-18 23:57:18,364 INFO   LOO k= 50%  acc=0.988±0.013 (+0.038)  auc=1.000±0.000 (+0.013)
2026-06-18 23:57:18,364 INFO   LOO k= 75%  acc=0.975±0.000 (+0.025)  auc=1.000±0.000 (+0.013)
2026-06-18 23:57:18,365 INFO   LOO k= 90%  acc=0.988±0.013 (+0.038)  auc=0.996±0.004 (+0.009)
2026-06-18 23:57:18,365 INFO   (169.1s)
2026-06-19 00:00:01,817 INFO ##### breast_cancer  noise=flip50  (n_seeds=2) #####
2026-06-19 00:00:01,818 INFO   full        acc=0.587±0.013  auc=0.555±0.109  | frac_neg_influence=0.44
2026-06-19 00:00:01,818 INFO   LOO k= 10%  acc=0.938±0.012 (+0.350)  auc=0.980±0.020 (+0.425)
2026-06-19 00:00:01,818 INFO   LOO k= 25%  acc=1.000±0.000 (+0.413)  auc=1.000±0.000 (+0.445)
2026-06-19 00:00:01,818 INFO   LOO k= 50%  acc=1.000±0.000 (+0.413)  auc=1.000±0.000 (+0.445)
2026-06-19 00:00:01,818 INFO   LOO k= 75%  acc=1.000±0.000 (+0.413)  auc=1.000±0.000 (+0.445)
2026-06-19 00:00:01,819 INFO   LOO k= 90%  acc=0.950±0.025 (+0.363)  auc=0.991±0.009 (+0.436)
2026-06-19 00:00:01,819 INFO   (163.5s)
2026-06-19 00:00:01,819 INFO ========================================================================
2026-06-19 00:00:01,819 INFO DATASET phoneme  shape=(5404, 5)  classes=2
2026-06-19 00:02:40,858 INFO ##### phoneme  noise=clean  (n_seeds=2) #####
2026-06-19 00:02:40,858 INFO   full        acc=0.800±0.025  auc=0.900±0.006  | frac_neg_influence=0.52
2026-06-19 00:02:40,858 INFO   LOO k= 10%  acc=0.863±0.013 (+0.062)  auc=0.918±0.001 (+0.019)
2026-06-19 00:02:40,858 INFO   LOO k= 25%  acc=0.925±0.000 (+0.125)  auc=0.987±0.000 (+0.087)
2026-06-19 00:02:40,859 INFO   LOO k= 50%  acc=0.988±0.013 (+0.188)  auc=1.000±0.000 (+0.100)
2026-06-19 00:02:40,859 INFO   LOO k= 75%  acc=0.950±0.050 (+0.150)  auc=0.991±0.009 (+0.091)
2026-06-19 00:02:40,859 INFO   LOO k= 90%  acc=0.938±0.037 (+0.137)  auc=0.979±0.019 (+0.079)
2026-06-19 00:02:40,859 INFO   (159.0s)
2026-06-19 00:05:21,348 INFO ##### phoneme  noise=flip50  (n_seeds=2) #####
2026-06-19 00:05:21,348 INFO   full        acc=0.425±0.075  auc=0.445±0.066  | frac_neg_influence=0.55
2026-06-19 00:05:21,349 INFO   LOO k= 10%  acc=0.837±0.013 (+0.412)  auc=0.941±0.018 (+0.496)
2026-06-19 00:05:21,349 INFO   LOO k= 25%  acc=0.988±0.013 (+0.562)  auc=1.000±0.000 (+0.555)
2026-06-19 00:05:21,349 INFO   LOO k= 50%  acc=0.975±0.025 (+0.550)  auc=1.000±0.000 (+0.555)
2026-06-19 00:05:21,349 INFO   LOO k= 75%  acc=0.863±0.112 (+0.438)  auc=0.982±0.002 (+0.537)
2026-06-19 00:05:21,349 INFO   LOO k= 90%  acc=0.725±0.150 (+0.300)  auc=0.935±0.010 (+0.491)
2026-06-19 00:05:21,349 INFO   (160.5s)
2026-06-19 00:05:21,349 INFO ========================================================================
2026-06-19 00:05:21,350 INFO DATASET electricity  shape=(45312, 8)  classes=2
2026-06-19 00:07:57,062 INFO ##### electricity  noise=clean  (n_seeds=2) #####
2026-06-19 00:07:57,063 INFO   full        acc=0.788±0.013  auc=0.850±0.056  | frac_neg_influence=0.52
2026-06-19 00:07:57,063 INFO   LOO k= 10%  acc=0.975±0.025 (+0.187)  auc=0.997±0.003 (+0.147)
2026-06-19 00:07:57,063 INFO   LOO k= 25%  acc=0.988±0.013 (+0.200)  auc=1.000±0.000 (+0.150)
2026-06-19 00:07:57,063 INFO   LOO k= 50%  acc=0.988±0.013 (+0.200)  auc=1.000±0.000 (+0.150)
2026-06-19 00:07:57,063 INFO   LOO k= 75%  acc=0.962±0.013 (+0.175)  auc=0.990±0.007 (+0.140)
2026-06-19 00:07:57,064 INFO   LOO k= 90%  acc=0.887±0.038 (+0.100)  auc=0.950±0.010 (+0.100)
2026-06-19 00:07:57,064 INFO   (155.7s)
2026-06-19 00:10:35,537 INFO ##### electricity  noise=flip50  (n_seeds=2) #####
2026-06-19 00:10:35,537 INFO   full        acc=0.438±0.013  auc=0.440±0.046  | frac_neg_influence=0.50
2026-06-19 00:10:35,537 INFO   LOO k= 10%  acc=0.913±0.013 (+0.475)  auc=0.951±0.027 (+0.511)
2026-06-19 00:10:35,538 INFO   LOO k= 25%  acc=1.000±0.000 (+0.562)  auc=1.000±0.000 (+0.560)
2026-06-19 00:10:35,538 INFO   LOO k= 50%  acc=0.938±0.062 (+0.500)  auc=1.000±0.000 (+0.560)
2026-06-19 00:10:35,538 INFO   LOO k= 75%  acc=0.850±0.150 (+0.412)  auc=0.993±0.007 (+0.553)
2026-06-19 00:10:35,538 INFO   LOO k= 90%  acc=0.700±0.100 (+0.262)  auc=0.926±0.003 (+0.486)
2026-06-19 00:10:35,538 INFO   (158.5s)
2026-06-19 00:10:35,538 INFO ALL DONE
