2026-06-18 20:08:49,106 INFO Sparse-row-selection probe | keep_fracs=[0.05, 0.1, 0.25, 0.5, 1.0] | per-query attn vs knn
2026-06-18 20:09:11,537 INFO ========================================================================
2026-06-18 20:09:11,537 INFO DATASET phoneme  shape=(5404, 5)  classes=2
2026-06-18 20:09:12,907 INFO   [full ]            acc=0.9156  nll=0.2141  t=0.55s  (n_train=4053)
2026-06-18 20:09:13,046 INFO   [attn k=   5%] acc=0.3079 (-0.6077)  nll=0.8864  t=0.14s
2026-06-18 20:09:13,168 INFO   [attn k=  10%] acc=0.4278 (-0.4878)  nll=0.7597  t=0.12s
2026-06-18 20:09:13,370 INFO   [attn k=  25%] acc=0.7735 (-0.1421)  nll=0.4893  t=0.20s
2026-06-18 20:09:13,691 INFO   [attn k=  50%] acc=0.8690 (-0.0466)  nll=0.3304  t=0.32s
2026-06-18 20:09:13,871 INFO   [knn  k=   5%] acc=0.6218 (-0.2939)  nll=0.6669  t=0.18s
2026-06-18 20:09:14,021 INFO   [knn  k=  10%] acc=0.6514 (-0.2642)  nll=0.6477  t=0.15s
2026-06-18 20:09:14,245 INFO   [knn  k=  25%] acc=0.7950 (-0.1207)  nll=0.4684  t=0.22s
2026-06-18 20:09:14,595 INFO   [knn  k=  50%] acc=0.8483 (-0.0674)  nll=0.3392  t=0.35s
2026-06-18 20:09:14,596 INFO ========================================================================
2026-06-18 20:09:14,596 INFO DATASET electricity  shape=(12000, 8)  classes=2
2026-06-18 20:09:15,056 INFO   [full ]            acc=0.8393  nll=0.3437  t=0.22s  (n_train=9000)
2026-06-18 20:09:15,475 INFO   [attn k=   5%] acc=0.4243 (-0.4150)  nll=0.8772  t=0.42s
2026-06-18 20:09:16,031 INFO   [attn k=  10%] acc=0.5390 (-0.3003)  nll=0.6843  t=0.55s
2026-06-18 20:09:17,126 INFO   [attn k=  25%] acc=0.7670 (-0.0723)  nll=0.4853  t=1.09s
2026-06-18 20:09:20,006 INFO   [attn k=  50%] acc=0.7930 (-0.0463)  nll=0.4326  t=2.88s
2026-06-18 20:09:20,639 INFO   [knn  k=   5%] acc=0.4473 (-0.3920)  nll=0.8707  t=0.63s
2026-06-18 20:09:21,394 INFO   [knn  k=  10%] acc=0.4617 (-0.3777)  nll=0.8074  t=0.75s
2026-06-18 20:09:22,708 INFO   [knn  k=  25%] acc=0.6917 (-0.1477)  nll=0.5852  t=1.31s
2026-06-18 20:09:26,038 INFO   [knn  k=  50%] acc=0.7723 (-0.0670)  nll=0.4634  t=3.33s
2026-06-18 20:09:26,040 INFO ========================================================================
2026-06-18 20:09:26,040 INFO DATASET jungle_chess_2pcs_raw_endgame_complete  shape=(12000, 6)  classes=3
2026-06-18 20:09:26,468 INFO   [full ]            acc=0.8637  nll=0.2695  t=0.19s  (n_train=9000)
2026-06-18 20:09:26,835 INFO   [attn k=   5%] acc=0.2580 (-0.6057)  nll=1.2418  t=0.36s
2026-06-18 20:09:27,314 INFO   [attn k=  10%] acc=0.6277 (-0.2360)  nll=0.7981  t=0.48s
2026-06-18 20:09:28,150 INFO   [attn k=  25%] acc=0.8023 (-0.0613)  nll=0.4672  t=0.83s
2026-06-18 20:09:30,485 INFO   [attn k=  50%] acc=0.8290 (-0.0347)  nll=0.3811  t=2.33s
2026-06-18 20:09:30,998 INFO   [knn  k=   5%] acc=0.2883 (-0.5753)  nll=1.2373  t=0.51s
2026-06-18 20:09:31,631 INFO   [knn  k=  10%] acc=0.4797 (-0.3840)  nll=1.0030  t=0.63s
2026-06-18 20:09:32,634 INFO   [knn  k=  25%] acc=0.7060 (-0.1577)  nll=0.6912  t=1.00s
2026-06-18 20:09:35,317 INFO   [knn  k=  50%] acc=0.7907 (-0.0730)  nll=0.4802  t=2.68s
2026-06-18 20:09:35,322 INFO ALL DONE
